<?xml version="1.0" encoding="UTF-8"?>
<testng-results ignored="0" total="6" passed="6" failed="0" skipped="0">
  <reporter-output>
  </reporter-output>
  <suite started-at="2021-10-09T13:59:01 IST" name="Selenium Docker Suite" finished-at="2021-10-09T13:59:18 IST" duration-ms="17721">
    <groups>
    </groups>
    <test started-at="2021-10-09T13:59:01 IST" name="duckduckgoTest" finished-at="2021-10-09T13:59:10 IST" duration-ms="8975">
      <class name="com.duckduckgo.tests.SearchPageTest">
        <test-method is-config="true" signature="setUpDriver()[pri:0, instance:com.duckduckgo.tests.SearchPageTest@75db5df9]" started-at="2021-10-09T13:59:01 IST" name="setUpDriver" finished-at="2021-10-09T13:59:02 IST" duration-ms="1250" status="PASS">
          <reporter-output>
          </reporter-output>
        </test-method> <!-- setUpDriver -->
        <test-method signature="searchTest(java.lang.String)[pri:0, instance:com.duckduckgo.tests.SearchPageTest@75db5df9]" started-at="2021-10-09T13:59:02 IST" name="searchTest" finished-at="2021-10-09T13:59:10 IST" duration-ms="7536" status="PASS">
          <params>
            <param index="0">
              <value>
                <![CDATA[Java]]>
              </value>
            </param>
          </params>
          <reporter-output>
          </reporter-output>
        </test-method> <!-- searchTest -->
        <test-method is-config="true" signature="tearDown()[pri:0, instance:com.duckduckgo.tests.SearchPageTest@75db5df9]" started-at="2021-10-09T13:59:10 IST" name="tearDown" finished-at="2021-10-09T13:59:10 IST" duration-ms="145" status="PASS">
          <reporter-output>
          </reporter-output>
        </test-method> <!-- tearDown -->
      </class> <!-- com.duckduckgo.tests.SearchPageTest -->
    </test> <!-- duckduckgoTest -->
    <test started-at="2021-10-09T13:59:01 IST" name="newtoursTests" finished-at="2021-10-09T13:59:18 IST" duration-ms="17721">
      <class name="com.newtest.tests.BookFlightsTest">
        <test-method is-config="true" signature="setUpDriver()[pri:0, instance:com.newtest.tests.BookFlightsTest@ba2f4ec]" started-at="2021-10-09T13:59:01 IST" name="setUpDriver" finished-at="2021-10-09T13:59:02 IST" duration-ms="1250" status="PASS">
          <reporter-output>
          </reporter-output>
        </test-method> <!-- setUpDriver -->
        <test-method signature="registrationPageTest(java.lang.String,java.lang.String)[pri:0, instance:com.newtest.tests.BookFlightsTest@ba2f4ec]" started-at="2021-10-09T13:59:02 IST" name="registrationPageTest" finished-at="2021-10-09T13:59:13 IST" duration-ms="10701" status="PASS">
          <params>
            <param index="0">
              <value>
                <![CDATA[admin]]>
              </value>
            </param>
            <param index="1">
              <value>
                <![CDATA[abcd1234]]>
              </value>
            </param>
          </params>
          <reporter-output>
          </reporter-output>
        </test-method> <!-- registrationPageTest -->
        <test-method signature="registrationConfirmPageTest()[pri:0, instance:com.newtest.tests.BookFlightsTest@ba2f4ec]" started-at="2021-10-09T13:59:13 IST" name="registrationConfirmPageTest" finished-at="2021-10-09T13:59:13 IST" depends-on-methods="com.newtest.tests.BookFlightsTest.registrationPageTest" duration-ms="529" status="PASS">
          <reporter-output>
          </reporter-output>
        </test-method> <!-- registrationConfirmPageTest -->
        <test-method signature="findFlightsPageTest(java.lang.String)[pri:0, instance:com.newtest.tests.BookFlightsTest@ba2f4ec]" started-at="2021-10-09T13:59:13 IST" name="findFlightsPageTest" finished-at="2021-10-09T13:59:16 IST" depends-on-methods="com.newtest.tests.BookFlightsTest.registrationConfirmPageTest" duration-ms="2613" status="PASS">
          <params>
            <param index="0">
              <value>
                <![CDATA[2]]>
              </value>
            </param>
          </params>
          <reporter-output>
          </reporter-output>
        </test-method> <!-- findFlightsPageTest -->
        <test-method signature="bookFlightsPageTest()[pri:0, instance:com.newtest.tests.BookFlightsTest@ba2f4ec]" started-at="2021-10-09T13:59:16 IST" name="bookFlightsPageTest" finished-at="2021-10-09T13:59:17 IST" depends-on-methods="com.newtest.tests.BookFlightsTest.findFlightsPageTest" duration-ms="1069" status="PASS">
          <reporter-output>
          </reporter-output>
        </test-method> <!-- bookFlightsPageTest -->
        <test-method signature="flightConfirmationPageTest(java.lang.String)[pri:0, instance:com.newtest.tests.BookFlightsTest@ba2f4ec]" started-at="2021-10-09T13:59:17 IST" name="flightConfirmationPageTest" finished-at="2021-10-09T13:59:18 IST" depends-on-methods="com.newtest.tests.BookFlightsTest.bookFlightsPageTest" duration-ms="1206" status="PASS">
          <params>
            <param index="0">
              <value>
                <![CDATA[$1169 USD]]>
              </value>
            </param>
          </params>
          <reporter-output>
          </reporter-output>
        </test-method> <!-- flightConfirmationPageTest -->
        <test-method is-config="true" signature="tearDown()[pri:0, instance:com.newtest.tests.BookFlightsTest@ba2f4ec]" started-at="2021-10-09T13:59:18 IST" name="tearDown" finished-at="2021-10-09T13:59:18 IST" duration-ms="309" status="PASS">
          <reporter-output>
          </reporter-output>
        </test-method> <!-- tearDown -->
      </class> <!-- com.newtest.tests.BookFlightsTest -->
    </test> <!-- newtoursTests -->
  </suite> <!-- Selenium Docker Suite -->
</testng-results>
