<?xml version="1.0" encoding="UTF-8"?>
<!-- Generated by org.testng.reporters.JUnitXMLReporter -->
<testsuite ignored="0" hostname="LE1339" failures="0" tests="5" name="newtoursTests" time="17.721" errors="0" timestamp="2021-10-09T13:59:19 IST">
  <testcase classname="com.newtest.tests.BookFlightsTest" name="registrationPageTest" time="10.701"/>
  <testcase classname="com.newtest.tests.BookFlightsTest" name="registrationConfirmPageTest" time="0.529"/>
  <testcase classname="com.newtest.tests.BookFlightsTest" name="findFlightsPageTest" time="2.613"/>
  <testcase classname="com.newtest.tests.BookFlightsTest" name="bookFlightsPageTest" time="1.069"/>
  <testcase classname="com.newtest.tests.BookFlightsTest" name="flightConfirmationPageTest" time="1.206"/>
</testsuite> <!-- newtoursTests -->
